# JRE version: OpenJDK Runtime Environment (15.0.1+9) (build 15.0.1+9-18)
# Java VM: OpenJDK 64-Bit Server VM (15.0.1+9-18, mixed mode, tiered, compressed oops, g1 gc, linux-amd64)
GC Precious Log:
 CPUs: 8 total, 8 available
 Memory: 11826M
 Large Page Support: Disabled
 NUMA Support: Disabled
 Compressed Oops: Enabled (Zero based)
 Heap Region Size: 2M
 Heap Min Capacity: 8M
 Heap Initial Capacity: 186M
 Heap Max Capacity: 2958M
 Pre-touch: Disabled
 Parallel Workers: 8
 Concurrent Workers: 2
 Concurrent Refinement Workers: 8
 Periodic GC: Disabled
Heap:
 garbage-first heap   total 100352K, used 75709K [0x0000000747200000, 0x0000000800000000)
  region size 2048K, 18 young (36864K), 2 survivors (4096K)
 Metaspace       used 82675K, capacity 83902K, committed 84088K, reserved 1122304K
  class space    used 10595K, capacity 10921K, committed 10956K, reserved 1048576K
GC Heap History (20 events):
Event: 917,996 GC heap after
{Heap after GC invocations=57 (full 5):
 garbage-first heap   total 100352K, used 37447K [0x0000000747200000, 0x0000000800000000)
  region size 2048K, 2 young (4096K), 2 survivors (4096K)
 Metaspace       used 81172K, capacity 82337K, committed 82680K, reserved 1122304K
  class space    used 10456K, capacity 10782K, committed 10828K, reserved 1048576K
}
Event: 923,301 GC heap before
{Heap before GC invocations=57 (full 5):
 garbage-first heap   total 100352K, used 78407K [0x0000000747200000, 0x0000000800000000)
  region size 2048K, 23 young (47104K), 2 survivors (4096K)
 Metaspace       used 81252K, capacity 82431K, committed 82936K, reserved 1122304K
  class space    used 10467K, capacity 10787K, committed 10828K, reserved 1048576K
}
Event: 923,305 GC heap after
{Heap after GC invocations=58 (full 5):
 garbage-first heap   total 100352K, used 40839K [0x0000000747200000, 0x0000000800000000)
  region size 2048K, 3 young (6144K), 3 survivors (6144K)
 Metaspace       used 81252K, capacity 82431K, committed 82936K, reserved 1122304K
  class space    used 10467K, capacity 10787K, committed 10828K, reserved 1048576K
}
Event: 923,589 GC heap before
{Heap before GC invocations=58 (full 5):
 garbage-first heap   total 100352K, used 77703K [0x0000000747200000, 0x0000000800000000)
  region size 2048K, 21 young (43008K), 3 survivors (6144K)
 Metaspace       used 81655K, capacity 82843K, committed 83320K, reserved 1122304K
  class space    used 10502K, capacity 10829K, committed 10956K, reserved 1048576K
}
Event: 923,594 GC heap after
{Heap after GC invocations=59 (full 5):
 garbage-first heap   total 100352K, used 42144K [0x0000000747200000, 0x0000000800000000)
  region size 2048K, 1 young (2048K), 1 survivors (2048K)
 Metaspace       used 81655K, capacity 82843K, committed 83320K, reserved 1122304K
  class space    used 10502K, capacity 10829K, committed 10956K, reserved 1048576K
}
Event: 931,619 GC heap before
{Heap before GC invocations=59 (full 5):
 garbage-first heap   total 100352K, used 79008K [0x0000000747200000, 0x0000000800000000)
  region size 2048K, 19 young (38912K), 1 survivors (2048K)
 Metaspace       used 81857K, capacity 83068K, committed 83576K, reserved 1122304K
  class space    used 10517K, capacity 10838K, committed 10956K, reserved 1048576K
}
Event: 931,623 GC heap after
{Heap after GC invocations=60 (full 5):
 garbage-first heap   total 100352K, used 43229K [0x0000000747200000, 0x0000000800000000)
  region size 2048K, 2 young (4096K), 2 survivors (4096K)
 Metaspace       used 81857K, capacity 83068K, committed 83576K, reserved 1122304K
  class space    used 10517K, capacity 10838K, committed 10956K, reserved 1048576K
}
Event: 960,423 GC heap before
{Heap before GC invocations=60 (full 5):
 garbage-first heap   total 100352K, used 47325K [0x0000000747200000, 0x0000000800000000)
  region size 2048K, 5 young (10240K), 2 survivors (4096K)
 Metaspace       used 81889K, capacity 83080K, committed 83576K, reserved 1122304K
  class space    used 10521K, capacity 10842K, committed 10956K, reserved 1048576K
}
Event: 960,488 GC heap after
{Heap after GC invocations=61 (full 6):
 garbage-first heap   total 100352K, used 35565K [0x0000000747200000, 0x0000000800000000)
  region size 2048K, 0 young (0K), 0 survivors (0K)
 Metaspace       used 81867K, capacity 83044K, committed 83576K, reserved 1122304K
  class space    used 10518K, capacity 10835K, committed 10956K, reserved 1048576K
}
Event: 960,811 GC heap before
{Heap before GC invocations=61 (full 6):
 garbage-first heap   total 100352K, used 76525K [0x0000000747200000, 0x0000000800000000)
  region size 2048K, 21 young (43008K), 0 survivors (0K)
 Metaspace       used 82015K, capacity 83228K, committed 83576K, reserved 1122304K
  class space    used 10540K, capacity 10875K, committed 10956K, reserved 1048576K
}
Event: 960,814 GC heap after
{Heap after GC invocations=62 (full 6):
 garbage-first heap   total 100352K, used 38112K [0x0000000747200000, 0x0000000800000000)
  region size 2048K, 2 young (4096K), 2 survivors (4096K)
 Metaspace       used 82015K, capacity 83228K, committed 83576K, reserved 1122304K
  class space    used 10540K, capacity 10875K, committed 10956K, reserved 1048576K
}
Event: 960,877 GC heap before
{Heap before GC invocations=62 (full 6):
 garbage-first heap   total 100352K, used 74976K [0x0000000747200000, 0x0000000800000000)
  region size 2048K, 21 young (43008K), 2 survivors (4096K)
 Metaspace       used 82015K, capacity 83228K, committed 83576K, reserved 1122304K
  class space    used 10540K, capacity 10875K, committed 10956K, reserved 1048576K
}
Event: 960,880 GC heap after
{Heap after GC invocations=63 (full 6):
 garbage-first heap   total 100352K, used 38248K [0x0000000747200000, 0x0000000800000000)
  region size 2048K, 2 young (4096K), 2 survivors (4096K)
 Metaspace       used 82015K, capacity 83228K, committed 83576K, reserved 1122304K
  class space    used 10540K, capacity 10875K, committed 10956K, reserved 1048576K
}
Event: 961,225 GC heap before
{Heap before GC invocations=63 (full 6):
 garbage-first heap   total 100352K, used 75112K [0x0000000747200000, 0x0000000800000000)
  region size 2048K, 21 young (43008K), 2 survivors (4096K)
 Metaspace       used 82017K, capacity 83231K, committed 83576K, reserved 1122304K
  class space    used 10540K, capacity 10876K, committed 10956K, reserved 1048576K
}
Event: 961,229 GC heap after
{Heap after GC invocations=64 (full 6):
 garbage-first heap   total 100352K, used 41241K [0x0000000747200000, 0x0000000800000000)
  region size 2048K, 3 young (6144K), 3 survivors (6144K)
 Metaspace       used 82017K, capacity 83231K, committed 83576K, reserved 1122304K
  class space    used 10540K, capacity 10876K, committed 10956K, reserved 1048576K
}
Event: 966,029 GC heap before
{Heap before GC invocations=64 (full 6):
 garbage-first heap   total 100352K, used 78105K [0x0000000747200000, 0x0000000800000000)
  region size 2048K, 21 young (43008K), 3 survivors (6144K)
 Metaspace       used 82435K, capacity 83665K, committed 84088K, reserved 1122304K
  class space    used 10577K, capacity 10911K, committed 10956K, reserved 1048576K
}
Event: 966,035 GC heap after
{Heap after GC invocations=65 (full 6):
 garbage-first heap   total 100352K, used 43110K [0x0000000747200000, 0x0000000800000000)
  region size 2048K, 3 young (6144K), 3 survivors (6144K)
 Metaspace       used 82435K, capacity 83665K, committed 84088K, reserved 1122304K
  class space    used 10577K, capacity 10911K, committed 10956K, reserved 1048576K
}
Event: 966,197 GC heap before
{Heap before GC invocations=65 (full 6):
 garbage-first heap   total 100352K, used 75878K [0x0000000747200000, 0x0000000800000000)
  region size 2048K, 19 young (38912K), 3 survivors (6144K)
 Metaspace       used 82637K, capacity 83881K, committed 84088K, reserved 1122304K
  class space    used 10591K, capacity 10915K, committed 10956K, reserved 1048576K
}
Event: 966,201 GC heap after
{Heap after GC invocations=66 (full 6):
 garbage-first heap   total 100352K, used 43591K [0x0000000747200000, 0x0000000800000000)
  region size 2048K, 2 young (4096K), 2 survivors (4096K)
 Metaspace       used 82637K, capacity 83881K, committed 84088K, reserved 1122304K
  class space    used 10591K, capacity 10915K, committed 10956K, reserved 1048576K
}
Event: 1147,569 GC heap before
{Heap before GC invocations=66 (full 6):
 garbage-first heap   total 100352K, used 74311K [0x0000000747200000, 0x0000000800000000)
  region size 2048K, 18 young (36864K), 2 survivors (4096K)
 Metaspace       used 82675K, capacity 83902K, committed 84088K, reserved 1122304K
  class space    used 10595K, capacity 10921K, committed 10956K, reserved 1048576K
}

